2019-03-26 17:29:19.181 [main] DEBUG net.sppan.base.config.listener.ApplicationEventListener - 初始化环境变量
2019-03-26 17:29:19.336 [main] INFO  net.sppan.base.Application - Starting Application on DESKTOP-HR8FSOR with PID 13280 (D:\GitProject\springboot_authority\target\classes started by yywbyjj in D:\GitProject\springboot_authority)
2019-03-26 17:29:19.337 [main] DEBUG net.sppan.base.Application - Running with Spring Boot v1.4.2.RELEASE, Spring v4.3.4.RELEASE
2019-03-26 17:29:19.337 [main] INFO  net.sppan.base.Application - No active profile set, falling back to default profiles: default
2019-03-26 17:29:19.427 [main] DEBUG net.sppan.base.config.listener.ApplicationEventListener - 初始化环境变量完成
2019-03-26 17:29:19.483 [background-preinit] DEBUG org.jboss.logging - Logging Provider: org.jboss.logging.Slf4jLoggerProvider found via system property
2019-03-26 17:29:20.857 [main] DEBUG net.sf.ehcache.config.ConfigurationFactory - Configuring ehcache from InputStream
2019-03-26 17:29:20.910 [main] DEBUG net.sf.ehcache.config.BeanHandler - Ignoring ehcache attribute xmlns:xsi
2019-03-26 17:29:20.911 [main] DEBUG net.sf.ehcache.config.BeanHandler - Ignoring ehcache attribute xsi:noNamespaceSchemaLocation
2019-03-26 17:29:20.913 [main] DEBUG net.sf.ehcache.config.DiskStoreConfiguration - Disk Store Path: C:\Users\yywbyjj\AppData\Local\Temp\
2019-03-26 17:29:20.932 [main] DEBUG net.sf.ehcache.util.PropertyUtil - propertiesString is null.
2019-03-26 17:29:20.938 [main] DEBUG net.sf.ehcache.config.ConfigurationHelper - No CacheManagerEventListenerFactory class specified. Skipping...
2019-03-26 17:29:20.968 [main] DEBUG net.sf.ehcache.Cache - No BootstrapCacheLoaderFactory class specified. Skipping...
2019-03-26 17:29:20.968 [main] DEBUG net.sf.ehcache.Cache - CacheWriter factory not configured. Skipping...
2019-03-26 17:29:20.968 [main] DEBUG net.sf.ehcache.config.ConfigurationHelper - No CacheExceptionHandlerFactory class specified. Skipping...
2019-03-26 17:29:20.974 [main] DEBUG net.sf.ehcache.Cache - No BootstrapCacheLoaderFactory class specified. Skipping...
2019-03-26 17:29:20.974 [main] DEBUG net.sf.ehcache.Cache - CacheWriter factory not configured. Skipping...
2019-03-26 17:29:20.974 [main] DEBUG net.sf.ehcache.config.ConfigurationHelper - No CacheExceptionHandlerFactory class specified. Skipping...
2019-03-26 17:29:20.975 [main] WARN  net.sf.ehcache.config.CacheConfiguration - Configuration problem for cache resourceCache: MaxEntriesLocalHeap equal or greater than MaxEntriesLocalDisk. This will result in useless disk storage.
2019-03-26 17:29:20.992 [main] DEBUG net.sf.ehcache.DiskStorePathManager - Using diskstore path C:\Users\yywbyjj\AppData\Local\Temp
2019-03-26 17:29:20.992 [main] DEBUG net.sf.ehcache.DiskStorePathManager - Holding exclusive lock on C:\Users\yywbyjj\AppData\Local\Temp\.ehcache-diskstore.lock
2019-03-26 17:29:20.993 [main] DEBUG net.sf.ehcache.store.disk.DiskStorageFactory - Failed to delete file resource%0043ache.index
2019-03-26 17:29:20.996 [main] DEBUG net.sf.ehcache.store.disk.DiskStorageFactory - Matching data file missing (or empty) for index file. Deleting index file C:\Users\yywbyjj\AppData\Local\Temp\resource%0043ache.index
2019-03-26 17:29:20.996 [main] DEBUG net.sf.ehcache.store.disk.DiskStorageFactory - Failed to delete file resource%0043ache.index
2019-03-26 17:29:21.031 [main] DEBUG net.sf.ehcache.statistics.extended.ExtendedStatisticsImpl - Mocking Pass-Through Statistic: LOCAL_OFFHEAP_SIZE
2019-03-26 17:29:21.031 [main] DEBUG net.sf.ehcache.statistics.extended.ExtendedStatisticsImpl - Mocking Pass-Through Statistic: LOCAL_OFFHEAP_SIZE_BYTES
2019-03-26 17:29:21.032 [main] DEBUG net.sf.ehcache.statistics.extended.ExtendedStatisticsImpl - Mocking Pass-Through Statistic: WRITER_QUEUE_LENGTH
2019-03-26 17:29:21.032 [main] DEBUG net.sf.ehcache.statistics.extended.ExtendedStatisticsImpl - Mocking Pass-Through Statistic: REMOTE_SIZE
2019-03-26 17:29:21.032 [main] DEBUG net.sf.ehcache.statistics.extended.ExtendedStatisticsImpl - Mocking Pass-Through Statistic: LAST_REJOIN_TIMESTAMP
2019-03-26 17:29:21.039 [main] DEBUG net.sf.ehcache.statistics.extended.ExtendedStatisticsImpl - Mocking Operation Statistic: OFFHEAP_GET
2019-03-26 17:29:21.039 [main] DEBUG net.sf.ehcache.statistics.extended.ExtendedStatisticsImpl - Mocking Operation Statistic: OFFHEAP_PUT
2019-03-26 17:29:21.039 [main] DEBUG net.sf.ehcache.statistics.extended.ExtendedStatisticsImpl - Mocking Operation Statistic: OFFHEAP_REMOVE
2019-03-26 17:29:21.040 [main] DEBUG net.sf.ehcache.statistics.extended.ExtendedStatisticsImpl - Mocking Operation Statistic: XA_COMMIT
2019-03-26 17:29:21.040 [main] DEBUG net.sf.ehcache.statistics.extended.ExtendedStatisticsImpl - Mocking Operation Statistic: XA_ROLLBACK
2019-03-26 17:29:21.040 [main] DEBUG net.sf.ehcache.statistics.extended.ExtendedStatisticsImpl - Mocking Operation Statistic: XA_RECOVERY
2019-03-26 17:29:21.040 [main] DEBUG net.sf.ehcache.statistics.extended.ExtendedStatisticsImpl - Mocking Operation Statistic: CLUSTER_EVENT
2019-03-26 17:29:21.041 [main] DEBUG net.sf.ehcache.statistics.extended.ExtendedStatisticsImpl - Mocking Operation Statistic: NONSTOP
2019-03-26 17:29:21.044 [main] DEBUG net.sf.ehcache.Cache - Initialised cache: resourceCache
2019-03-26 17:29:21.044 [main] DEBUG net.sf.ehcache.config.ConfigurationHelper - CacheDecoratorFactory not configured. Skipping for 'resourceCache'.
2019-03-26 17:29:21.044 [main] DEBUG net.sf.ehcache.config.ConfigurationHelper - CacheDecoratorFactory not configured for defaultCache. Skipping for 'resourceCache'.
2019-03-26 17:29:21.688 [main] INFO  com.alibaba.druid.pool.DruidDataSource - {dataSource-1} inited
2019-03-26 17:29:22.683 [main] DEBUG org.hibernate.SQL - alter table tb_resource drop foreign key FKf5ra2gn0xedeida2op8097sr5
2019-03-26 17:29:22.768 [main] DEBUG org.hibernate.SQL - alter table tb_role_resource drop foreign key FK868kc8iic48ilv5npa80ut6qo
2019-03-26 17:29:23.112 [main] DEBUG org.hibernate.SQL - alter table tb_role_resource drop foreign key FK7ffc7h6obqxflhj1aq1mk20jk
2019-03-26 17:29:23.200 [main] DEBUG org.hibernate.SQL - alter table tb_user_role drop foreign key FKea2ootw6b6bb0xt3ptl28bymv
2019-03-26 17:29:23.274 [main] DEBUG org.hibernate.SQL - alter table tb_user_role drop foreign key FK7vn3h53d0tqdimm8cp45gc0kl
2019-03-26 17:29:23.358 [main] DEBUG org.hibernate.SQL - drop table if exists tb_resource
2019-03-26 17:29:23.453 [main] DEBUG org.hibernate.SQL - drop table if exists tb_role
2019-03-26 17:29:23.769 [main] DEBUG org.hibernate.SQL - drop table if exists tb_role_resource
2019-03-26 17:29:23.858 [main] DEBUG org.hibernate.SQL - drop table if exists tb_user
2019-03-26 17:29:23.934 [main] DEBUG org.hibernate.SQL - drop table if exists tb_user_role
2019-03-26 17:29:24.019 [main] DEBUG org.hibernate.SQL - drop table if exists user
2019-03-26 17:29:24.106 [main] DEBUG org.hibernate.SQL - create table tb_resource (id integer not null auto_increment, create_time datetime, description varchar(255), icon varchar(255), is_hide integer, level integer, name varchar(255), sort integer, source_key varchar(255), source_url varchar(255), type integer, update_time datetime, parent_id integer, primary key (id))
2019-03-26 17:29:24.210 [main] DEBUG org.hibernate.SQL - create table tb_role (id integer not null auto_increment, create_time datetime, description varchar(255), name varchar(255), role_key varchar(255), status integer, update_time datetime, primary key (id))
2019-03-26 17:29:24.300 [main] DEBUG org.hibernate.SQL - create table tb_role_resource (role_id integer not null, resource_id integer not null, primary key (role_id, resource_id))
2019-03-26 17:29:24.387 [main] DEBUG org.hibernate.SQL - create table tb_user (id integer not null auto_increment, address varchar(255), birthday datetime, create_time datetime, delete_status integer, description varchar(255), email varchar(255), locked integer, nick_name varchar(255), password varchar(255), sex integer, telephone varchar(255), update_time datetime, user_name varchar(255), primary key (id))
2019-03-26 17:29:24.479 [main] DEBUG org.hibernate.SQL - create table tb_user_role (user_id integer not null, role_id integer not null, primary key (user_id, role_id))
2019-03-26 17:29:24.571 [main] DEBUG org.hibernate.SQL - create table user (id varchar(255) not null, first_name varchar(255), last_name varchar(255), trade_id varchar(255), user_id integer, primary key (id))
2019-03-26 17:29:24.617 [main] ERROR org.hibernate.tool.hbm2ddl.SchemaExport - HHH000389: Unsuccessful: create table user (id varchar(255) not null, first_name varchar(255), last_name varchar(255), trade_id varchar(255), user_id integer, primary key (id))
2019-03-26 17:29:24.617 [main] ERROR org.hibernate.tool.hbm2ddl.SchemaExport - Specified key was too long; max key length is 767 bytes
2019-03-26 17:29:24.618 [main] DEBUG org.hibernate.SQL - alter table tb_resource add constraint FKf5ra2gn0xedeida2op8097sr5 foreign key (parent_id) references tb_resource (id)
2019-03-26 17:29:24.744 [main] DEBUG org.hibernate.SQL - alter table tb_role_resource add constraint FK868kc8iic48ilv5npa80ut6qo foreign key (resource_id) references tb_resource (id)
2019-03-26 17:29:24.866 [main] DEBUG org.hibernate.SQL - alter table tb_role_resource add constraint FK7ffc7h6obqxflhj1aq1mk20jk foreign key (role_id) references tb_role (id)
2019-03-26 17:29:24.971 [main] DEBUG org.hibernate.SQL - alter table tb_user_role add constraint FKea2ootw6b6bb0xt3ptl28bymv foreign key (role_id) references tb_role (id)
2019-03-26 17:29:25.080 [main] DEBUG org.hibernate.SQL - alter table tb_user_role add constraint FK7vn3h53d0tqdimm8cp45gc0kl foreign key (user_id) references tb_user (id)
2019-03-26 17:29:26.215 [main] INFO  org.apache.catalina.core.StandardService - Starting service Tomcat
2019-03-26 17:29:26.215 [main] INFO  org.apache.catalina.core.StandardEngine - Starting Servlet Engine: Apache Tomcat/8.5.6
2019-03-26 17:29:26.325 [localhost-startStop-1] INFO  org.apache.catalina.core.ContainerBase.[Tomcat].[localhost].[/] - Initializing Spring embedded WebApplicationContext
2019-03-26 17:29:27.441 [main] DEBUG net.sppan.base.config.listener.ApplicationEventListener - 应用刷新
2019-03-26 17:29:27.446 [main] INFO  org.apache.coyote.http11.Http11NioProtocol - Initializing ProtocolHandler ["http-nio-80"]
2019-03-26 17:29:27.452 [main] INFO  org.apache.coyote.http11.Http11NioProtocol - Starting ProtocolHandler [http-nio-80]
2019-03-26 17:29:27.461 [main] INFO  org.apache.tomcat.util.net.NioSelectorPool - Using a shared selector for servlet write/read
2019-03-26 17:29:27.475 [main] DEBUG net.sppan.base.config.listener.ApplicationEventListener - 应用已启动完成
2019-03-26 17:29:27.475 [main] INFO  net.sppan.base.Application - Started Application in 8.543 seconds (JVM running for 9.852)
2019-03-26 17:29:27.475 [main] DEBUG net.sppan.base.Application - 启动成功
2019-03-26 17:30:24.628 [http-nio-80-exec-1] INFO  org.apache.catalina.core.ContainerBase.[Tomcat].[localhost].[/] - Initializing Spring FrameworkServlet 'dispatcherServlet'
2019-03-26 17:30:46.018 [http-nio-80-exec-4] DEBUG com.alibaba.druid.pool.DruidDataSource - skip not validate connection.
2019-03-26 17:30:47.968 [http-nio-80-exec-4] DEBUG org.hibernate.SQL - select user0_.id as id1_3_, user0_.address as address2_3_, user0_.birthday as birthday3_3_, user0_.create_time as create_t4_3_, user0_.delete_status as delete_s5_3_, user0_.description as descript6_3_, user0_.email as email7_3_, user0_.locked as locked8_3_, user0_.nick_name as nick_nam9_3_, user0_.password as passwor10_3_, user0_.sex as sex11_3_, user0_.telephone as telepho12_3_, user0_.update_time as update_13_3_, user0_.user_name as user_na14_3_ from tb_user user0_ where user0_.user_name=?
2019-03-26 17:30:48.949 [http-nio-80-exec-8] DEBUG org.hibernate.SQL - select user0_.id as id1_3_, user0_.address as address2_3_, user0_.birthday as birthday3_3_, user0_.create_time as create_t4_3_, user0_.delete_status as delete_s5_3_, user0_.description as descript6_3_, user0_.email as email7_3_, user0_.locked as locked8_3_, user0_.nick_name as nick_nam9_3_, user0_.password as passwor10_3_, user0_.sex as sex11_3_, user0_.telephone as telepho12_3_, user0_.update_time as update_13_3_, user0_.user_name as user_na14_3_ from tb_user user0_ where user0_.user_name=?
2019-03-26 17:30:49.292 [http-nio-80-exec-8] DEBUG org.hibernate.SQL - select roles0_.user_id as user_id1_4_0_, roles0_.role_id as role_id2_4_0_, role1_.id as id1_1_1_, role1_.create_time as create_t2_1_1_, role1_.description as descript3_1_1_, role1_.name as name4_1_1_, role1_.role_key as role_key5_1_1_, role1_.status as status6_1_1_, role1_.update_time as update_t7_1_1_ from tb_user_role roles0_ inner join tb_role role1_ on roles0_.role_id=role1_.id where roles0_.user_id=?
2019-03-26 17:30:49.823 [http-nio-80-exec-8] DEBUG org.hibernate.SQL - select resources0_.role_id as role_id1_2_0_, resources0_.resource_id as resource2_2_0_, resource1_.id as id1_0_1_, resource1_.create_time as create_t2_0_1_, resource1_.description as descript3_0_1_, resource1_.icon as icon4_0_1_, resource1_.is_hide as is_hide5_0_1_, resource1_.level as level6_0_1_, resource1_.name as name7_0_1_, resource1_.parent_id as parent_13_0_1_, resource1_.sort as sort8_0_1_, resource1_.source_key as source_k9_0_1_, resource1_.source_url as source_10_0_1_, resource1_.type as type11_0_1_, resource1_.update_time as update_12_0_1_ from tb_role_resource resources0_ inner join tb_resource resource1_ on resources0_.resource_id=resource1_.id where resources0_.role_id=?
2019-03-26 17:30:50.049 [http-nio-80-exec-8] DEBUG org.hibernate.SQL - select user0_.id as id1_3_, user0_.address as address2_3_, user0_.birthday as birthday3_3_, user0_.create_time as create_t4_3_, user0_.delete_status as delete_s5_3_, user0_.description as descript6_3_, user0_.email as email7_3_, user0_.locked as locked8_3_, user0_.nick_name as nick_nam9_3_, user0_.password as passwor10_3_, user0_.sex as sex11_3_, user0_.telephone as telepho12_3_, user0_.update_time as update_13_3_, user0_.user_name as user_na14_3_ from tb_user user0_ where user0_.user_name=?
2019-03-26 17:30:50.190 [http-nio-80-exec-8] DEBUG org.hibernate.SQL - select user0_.id as id1_3_, user0_.address as address2_3_, user0_.birthday as birthday3_3_, user0_.create_time as create_t4_3_, user0_.delete_status as delete_s5_3_, user0_.description as descript6_3_, user0_.email as email7_3_, user0_.locked as locked8_3_, user0_.nick_name as nick_nam9_3_, user0_.password as passwor10_3_, user0_.sex as sex11_3_, user0_.telephone as telepho12_3_, user0_.update_time as update_13_3_, user0_.user_name as user_na14_3_ from tb_user user0_ where user0_.user_name=?
2019-03-26 17:30:55.219 [http-nio-80-exec-5] DEBUG org.hibernate.SQL - select user0_.id as id1_3_, user0_.address as address2_3_, user0_.birthday as birthday3_3_, user0_.create_time as create_t4_3_, user0_.delete_status as delete_s5_3_, user0_.description as descript6_3_, user0_.email as email7_3_, user0_.locked as locked8_3_, user0_.nick_name as nick_nam9_3_, user0_.password as passwor10_3_, user0_.sex as sex11_3_, user0_.telephone as telepho12_3_, user0_.update_time as update_13_3_, user0_.user_name as user_na14_3_ from tb_user user0_ where user0_.user_name=?
2019-03-26 17:30:56.035 [http-nio-80-exec-5] DEBUG org.hibernate.SQL - select roles0_.user_id as user_id1_4_0_, roles0_.role_id as role_id2_4_0_, role1_.id as id1_1_1_, role1_.create_time as create_t2_1_1_, role1_.description as descript3_1_1_, role1_.name as name4_1_1_, role1_.role_key as role_key5_1_1_, role1_.status as status6_1_1_, role1_.update_time as update_t7_1_1_ from tb_user_role roles0_ inner join tb_role role1_ on roles0_.role_id=role1_.id where roles0_.user_id=?
2019-03-26 17:30:56.070 [http-nio-80-exec-5] DEBUG org.hibernate.SQL - select resources0_.role_id as role_id1_2_0_, resources0_.resource_id as resource2_2_0_, resource1_.id as id1_0_1_, resource1_.create_time as create_t2_0_1_, resource1_.description as descript3_0_1_, resource1_.icon as icon4_0_1_, resource1_.is_hide as is_hide5_0_1_, resource1_.level as level6_0_1_, resource1_.name as name7_0_1_, resource1_.parent_id as parent_13_0_1_, resource1_.sort as sort8_0_1_, resource1_.source_key as source_k9_0_1_, resource1_.source_url as source_10_0_1_, resource1_.type as type11_0_1_, resource1_.update_time as update_12_0_1_ from tb_role_resource resources0_ inner join tb_resource resource1_ on resources0_.resource_id=resource1_.id where resources0_.role_id=?
2019-03-26 17:30:56.181 [http-nio-80-exec-5] DEBUG org.hibernate.SQL - select user0_.id as id1_3_, user0_.address as address2_3_, user0_.birthday as birthday3_3_, user0_.create_time as create_t4_3_, user0_.delete_status as delete_s5_3_, user0_.description as descript6_3_, user0_.email as email7_3_, user0_.locked as locked8_3_, user0_.nick_name as nick_nam9_3_, user0_.password as passwor10_3_, user0_.sex as sex11_3_, user0_.telephone as telepho12_3_, user0_.update_time as update_13_3_, user0_.user_name as user_na14_3_ from tb_user user0_ where user0_.user_name=?
2019-03-26 17:30:56.575 [http-nio-80-exec-5] DEBUG org.hibernate.SQL - select user0_.id as id1_3_, user0_.address as address2_3_, user0_.birthday as birthday3_3_, user0_.create_time as create_t4_3_, user0_.delete_status as delete_s5_3_, user0_.description as descript6_3_, user0_.email as email7_3_, user0_.locked as locked8_3_, user0_.nick_name as nick_nam9_3_, user0_.password as passwor10_3_, user0_.sex as sex11_3_, user0_.telephone as telepho12_3_, user0_.update_time as update_13_3_, user0_.user_name as user_na14_3_ from tb_user user0_ where user0_.user_name=?
2019-03-26 17:30:57.676 [http-nio-80-exec-10] DEBUG org.hibernate.SQL - select user0_.id as id1_3_, user0_.address as address2_3_, user0_.birthday as birthday3_3_, user0_.create_time as create_t4_3_, user0_.delete_status as delete_s5_3_, user0_.description as descript6_3_, user0_.email as email7_3_, user0_.locked as locked8_3_, user0_.nick_name as nick_nam9_3_, user0_.password as passwor10_3_, user0_.sex as sex11_3_, user0_.telephone as telepho12_3_, user0_.update_time as update_13_3_, user0_.user_name as user_na14_3_ from tb_user user0_ where user0_.user_name=?
2019-03-26 17:30:57.902 [http-nio-80-exec-5] DEBUG org.hibernate.SQL - select user0_.id as id1_3_, user0_.address as address2_3_, user0_.birthday as birthday3_3_, user0_.create_time as create_t4_3_, user0_.delete_status as delete_s5_3_, user0_.description as descript6_3_, user0_.email as email7_3_, user0_.locked as locked8_3_, user0_.nick_name as nick_nam9_3_, user0_.password as passwor10_3_, user0_.sex as sex11_3_, user0_.telephone as telepho12_3_, user0_.update_time as update_13_3_, user0_.user_name as user_na14_3_ from tb_user user0_ where user0_.user_name=?
2019-03-26 17:30:58.054 [http-nio-80-exec-10] DEBUG org.hibernate.SQL - select roles0_.user_id as user_id1_4_0_, roles0_.role_id as role_id2_4_0_, role1_.id as id1_1_1_, role1_.create_time as create_t2_1_1_, role1_.description as descript3_1_1_, role1_.name as name4_1_1_, role1_.role_key as role_key5_1_1_, role1_.status as status6_1_1_, role1_.update_time as update_t7_1_1_ from tb_user_role roles0_ inner join tb_role role1_ on roles0_.role_id=role1_.id where roles0_.user_id=?
2019-03-26 17:30:58.096 [http-nio-80-exec-10] DEBUG org.hibernate.SQL - select resources0_.role_id as role_id1_2_0_, resources0_.resource_id as resource2_2_0_, resource1_.id as id1_0_1_, resource1_.create_time as create_t2_0_1_, resource1_.description as descript3_0_1_, resource1_.icon as icon4_0_1_, resource1_.is_hide as is_hide5_0_1_, resource1_.level as level6_0_1_, resource1_.name as name7_0_1_, resource1_.parent_id as parent_13_0_1_, resource1_.sort as sort8_0_1_, resource1_.source_key as source_k9_0_1_, resource1_.source_url as source_10_0_1_, resource1_.type as type11_0_1_, resource1_.update_time as update_12_0_1_ from tb_role_resource resources0_ inner join tb_resource resource1_ on resources0_.resource_id=resource1_.id where resources0_.role_id=?
2019-03-26 17:30:58.210 [http-nio-80-exec-10] DEBUG org.hibernate.SQL - select user0_.id as id1_3_, user0_.address as address2_3_, user0_.birthday as birthday3_3_, user0_.create_time as create_t4_3_, user0_.delete_status as delete_s5_3_, user0_.description as descript6_3_, user0_.email as email7_3_, user0_.locked as locked8_3_, user0_.nick_name as nick_nam9_3_, user0_.password as passwor10_3_, user0_.sex as sex11_3_, user0_.telephone as telepho12_3_, user0_.update_time as update_13_3_, user0_.user_name as user_na14_3_ from tb_user user0_ where user0_.user_name=?
2019-03-26 17:30:58.386 [http-nio-80-exec-10] DEBUG org.hibernate.SQL - select user0_.id as id1_3_, user0_.address as address2_3_, user0_.birthday as birthday3_3_, user0_.create_time as create_t4_3_, user0_.delete_status as delete_s5_3_, user0_.description as descript6_3_, user0_.email as email7_3_, user0_.locked as locked8_3_, user0_.nick_name as nick_nam9_3_, user0_.password as passwor10_3_, user0_.sex as sex11_3_, user0_.telephone as telepho12_3_, user0_.update_time as update_13_3_, user0_.user_name as user_na14_3_ from tb_user user0_ where user0_.user_name=?
2019-03-26 17:30:58.570 [http-nio-80-exec-10] DEBUG org.hibernate.SQL - select user0_.id as id1_3_, user0_.address as address2_3_, user0_.birthday as birthday3_3_, user0_.create_time as create_t4_3_, user0_.delete_status as delete_s5_3_, user0_.description as descript6_3_, user0_.email as email7_3_, user0_.locked as locked8_3_, user0_.nick_name as nick_nam9_3_, user0_.password as passwor10_3_, user0_.sex as sex11_3_, user0_.telephone as telepho12_3_, user0_.update_time as update_13_3_, user0_.user_name as user_na14_3_ from tb_user user0_ where user0_.user_name=?
2019-03-26 17:30:59.172 [http-nio-80-exec-2] DEBUG org.hibernate.SQL - select count(user0_.id) as col_0_0_ from tb_user user0_
2019-03-26 17:30:59.216 [http-nio-80-exec-2] DEBUG org.hibernate.SQL - select user0_.id as id1_3_, user0_.address as address2_3_, user0_.birthday as birthday3_3_, user0_.create_time as create_t4_3_, user0_.delete_status as delete_s5_3_, user0_.description as descript6_3_, user0_.email as email7_3_, user0_.locked as locked8_3_, user0_.nick_name as nick_nam9_3_, user0_.password as passwor10_3_, user0_.sex as sex11_3_, user0_.telephone as telepho12_3_, user0_.update_time as update_13_3_, user0_.user_name as user_na14_3_ from tb_user user0_ limit ?
2019-03-26 17:30:59.381 [http-nio-80-exec-2] DEBUG org.hibernate.SQL - select roles0_.user_id as user_id1_4_0_, roles0_.role_id as role_id2_4_0_, role1_.id as id1_1_1_, role1_.create_time as create_t2_1_1_, role1_.description as descript3_1_1_, role1_.name as name4_1_1_, role1_.role_key as role_key5_1_1_, role1_.status as status6_1_1_, role1_.update_time as update_t7_1_1_ from tb_user_role roles0_ inner join tb_role role1_ on roles0_.role_id=role1_.id where roles0_.user_id=?
2019-03-26 17:30:59.425 [http-nio-80-exec-2] DEBUG org.hibernate.SQL - select resources0_.role_id as role_id1_2_0_, resources0_.resource_id as resource2_2_0_, resource1_.id as id1_0_1_, resource1_.create_time as create_t2_0_1_, resource1_.description as descript3_0_1_, resource1_.icon as icon4_0_1_, resource1_.is_hide as is_hide5_0_1_, resource1_.level as level6_0_1_, resource1_.name as name7_0_1_, resource1_.parent_id as parent_13_0_1_, resource1_.sort as sort8_0_1_, resource1_.source_key as source_k9_0_1_, resource1_.source_url as source_10_0_1_, resource1_.type as type11_0_1_, resource1_.update_time as update_12_0_1_ from tb_role_resource resources0_ inner join tb_resource resource1_ on resources0_.resource_id=resource1_.id where resources0_.role_id=?
2019-03-26 17:32:39.796 [http-nio-80-exec-10] DEBUG org.hibernate.SQL - insert into tb_user (address, birthday, create_time, delete_status, description, email, locked, nick_name, password, sex, telephone, update_time, user_name) values (?, ?, ?, ?, ?, ?, ?, ?, ?, ?, ?, ?, ?)
2019-03-26 17:32:39.987 [http-nio-80-exec-10] DEBUG org.hibernate.SQL - select blockchain0_.id as id1_5_0_, blockchain0_.first_name as first_na2_5_0_, blockchain0_.last_name as last_nam3_5_0_, blockchain0_.trade_id as trade_id4_5_0_, blockchain0_.user_id as user_id5_5_0_ from user blockchain0_ where blockchain0_.id=?
2019-03-26 17:32:40.027 [http-nio-80-exec-10] WARN  org.hibernate.engine.jdbc.spi.SqlExceptionHelper - SQL Error: 1146, SQLState: 42S02
2019-03-26 17:32:40.027 [http-nio-80-exec-10] ERROR org.hibernate.engine.jdbc.spi.SqlExceptionHelper - Table 'electronic_license_test.user' doesn't exist
2019-03-26 17:32:42.183 [http-nio-80-exec-9] DEBUG org.hibernate.SQL - select count(user0_.id) as col_0_0_ from tb_user user0_
2019-03-26 17:32:42.223 [http-nio-80-exec-9] DEBUG org.hibernate.SQL - select user0_.id as id1_3_, user0_.address as address2_3_, user0_.birthday as birthday3_3_, user0_.create_time as create_t4_3_, user0_.delete_status as delete_s5_3_, user0_.description as descript6_3_, user0_.email as email7_3_, user0_.locked as locked8_3_, user0_.nick_name as nick_nam9_3_, user0_.password as passwor10_3_, user0_.sex as sex11_3_, user0_.telephone as telepho12_3_, user0_.update_time as update_13_3_, user0_.user_name as user_na14_3_ from tb_user user0_ limit ?
2019-03-26 17:32:42.345 [http-nio-80-exec-9] DEBUG org.hibernate.SQL - select roles0_.user_id as user_id1_4_0_, roles0_.role_id as role_id2_4_0_, role1_.id as id1_1_1_, role1_.create_time as create_t2_1_1_, role1_.description as descript3_1_1_, role1_.name as name4_1_1_, role1_.role_key as role_key5_1_1_, role1_.status as status6_1_1_, role1_.update_time as update_t7_1_1_ from tb_user_role roles0_ inner join tb_role role1_ on roles0_.role_id=role1_.id where roles0_.user_id=?
2019-03-26 17:32:42.384 [http-nio-80-exec-9] DEBUG org.hibernate.SQL - select resources0_.role_id as role_id1_2_0_, resources0_.resource_id as resource2_2_0_, resource1_.id as id1_0_1_, resource1_.create_time as create_t2_0_1_, resource1_.description as descript3_0_1_, resource1_.icon as icon4_0_1_, resource1_.is_hide as is_hide5_0_1_, resource1_.level as level6_0_1_, resource1_.name as name7_0_1_, resource1_.parent_id as parent_13_0_1_, resource1_.sort as sort8_0_1_, resource1_.source_key as source_k9_0_1_, resource1_.source_url as source_10_0_1_, resource1_.type as type11_0_1_, resource1_.update_time as update_12_0_1_ from tb_role_resource resources0_ inner join tb_resource resource1_ on resources0_.resource_id=resource1_.id where resources0_.role_id=?
2019-03-26 17:32:42.428 [http-nio-80-exec-9] DEBUG org.hibernate.SQL - select roles0_.user_id as user_id1_4_0_, roles0_.role_id as role_id2_4_0_, role1_.id as id1_1_1_, role1_.create_time as create_t2_1_1_, role1_.description as descript3_1_1_, role1_.name as name4_1_1_, role1_.role_key as role_key5_1_1_, role1_.status as status6_1_1_, role1_.update_time as update_t7_1_1_ from tb_user_role roles0_ inner join tb_role role1_ on roles0_.role_id=role1_.id where roles0_.user_id=?
2019-03-26 17:38:12.019 [main] DEBUG net.sppan.base.config.listener.ApplicationEventListener - 初始化环境变量
2019-03-26 17:38:12.081 [main] INFO  net.sppan.base.Application - Starting Application on DESKTOP-HR8FSOR with PID 23464 (D:\GitProject\springboot_authority\target\classes started by yywbyjj in D:\GitProject\springboot_authority)
2019-03-26 17:38:12.081 [main] DEBUG net.sppan.base.Application - Running with Spring Boot v1.4.2.RELEASE, Spring v4.3.4.RELEASE
2019-03-26 17:38:12.081 [main] INFO  net.sppan.base.Application - No active profile set, falling back to default profiles: default
2019-03-26 17:38:12.114 [main] DEBUG net.sppan.base.config.listener.ApplicationEventListener - 初始化环境变量完成
2019-03-26 17:38:12.189 [background-preinit] DEBUG org.jboss.logging - Logging Provider: org.jboss.logging.Slf4jLoggerProvider found via system property
2019-03-26 17:38:13.208 [main] DEBUG net.sf.ehcache.config.ConfigurationFactory - Configuring ehcache from InputStream
2019-03-26 17:38:13.216 [main] DEBUG net.sf.ehcache.config.BeanHandler - Ignoring ehcache attribute xmlns:xsi
2019-03-26 17:38:13.217 [main] DEBUG net.sf.ehcache.config.BeanHandler - Ignoring ehcache attribute xsi:noNamespaceSchemaLocation
2019-03-26 17:38:13.217 [main] DEBUG net.sf.ehcache.config.DiskStoreConfiguration - Disk Store Path: C:\Users\yywbyjj\AppData\Local\Temp\
2019-03-26 17:38:13.225 [main] DEBUG net.sf.ehcache.util.PropertyUtil - propertiesString is null.
2019-03-26 17:38:13.229 [main] DEBUG net.sf.ehcache.config.ConfigurationHelper - No CacheManagerEventListenerFactory class specified. Skipping...
2019-03-26 17:38:13.250 [main] DEBUG net.sf.ehcache.Cache - No BootstrapCacheLoaderFactory class specified. Skipping...
2019-03-26 17:38:13.250 [main] DEBUG net.sf.ehcache.Cache - CacheWriter factory not configured. Skipping...
2019-03-26 17:38:13.250 [main] DEBUG net.sf.ehcache.config.ConfigurationHelper - No CacheExceptionHandlerFactory class specified. Skipping...
2019-03-26 17:38:13.254 [main] DEBUG net.sf.ehcache.Cache - No BootstrapCacheLoaderFactory class specified. Skipping...
2019-03-26 17:38:13.254 [main] DEBUG net.sf.ehcache.Cache - CacheWriter factory not configured. Skipping...
2019-03-26 17:38:13.254 [main] DEBUG net.sf.ehcache.config.ConfigurationHelper - No CacheExceptionHandlerFactory class specified. Skipping...
2019-03-26 17:38:13.254 [main] WARN  net.sf.ehcache.config.CacheConfiguration - Configuration problem for cache resourceCache: MaxEntriesLocalHeap equal or greater than MaxEntriesLocalDisk. This will result in useless disk storage.
2019-03-26 17:38:13.260 [main] DEBUG net.sf.ehcache.DiskStorePathManager - Using diskstore path C:\Users\yywbyjj\AppData\Local\Temp
2019-03-26 17:38:13.260 [main] DEBUG net.sf.ehcache.DiskStorePathManager - Holding exclusive lock on C:\Users\yywbyjj\AppData\Local\Temp\.ehcache-diskstore.lock
2019-03-26 17:38:13.260 [main] DEBUG net.sf.ehcache.store.disk.DiskStorageFactory - Failed to delete file resource%0043ache.index
2019-03-26 17:38:13.263 [main] DEBUG net.sf.ehcache.store.disk.DiskStorageFactory - Matching data file missing (or empty) for index file. Deleting index file C:\Users\yywbyjj\AppData\Local\Temp\resource%0043ache.index
2019-03-26 17:38:13.263 [main] DEBUG net.sf.ehcache.store.disk.DiskStorageFactory - Failed to delete file resource%0043ache.index
2019-03-26 17:38:13.288 [main] DEBUG net.sf.ehcache.statistics.extended.ExtendedStatisticsImpl - Mocking Pass-Through Statistic: LOCAL_OFFHEAP_SIZE
2019-03-26 17:38:13.288 [main] DEBUG net.sf.ehcache.statistics.extended.ExtendedStatisticsImpl - Mocking Pass-Through Statistic: LOCAL_OFFHEAP_SIZE_BYTES
2019-03-26 17:38:13.289 [main] DEBUG net.sf.ehcache.statistics.extended.ExtendedStatisticsImpl - Mocking Pass-Through Statistic: WRITER_QUEUE_LENGTH
2019-03-26 17:38:13.289 [main] DEBUG net.sf.ehcache.statistics.extended.ExtendedStatisticsImpl - Mocking Pass-Through Statistic: REMOTE_SIZE
2019-03-26 17:38:13.289 [main] DEBUG net.sf.ehcache.statistics.extended.ExtendedStatisticsImpl - Mocking Pass-Through Statistic: LAST_REJOIN_TIMESTAMP
2019-03-26 17:38:13.295 [main] DEBUG net.sf.ehcache.statistics.extended.ExtendedStatisticsImpl - Mocking Operation Statistic: OFFHEAP_GET
2019-03-26 17:38:13.296 [main] DEBUG net.sf.ehcache.statistics.extended.ExtendedStatisticsImpl - Mocking Operation Statistic: OFFHEAP_PUT
2019-03-26 17:38:13.296 [main] DEBUG net.sf.ehcache.statistics.extended.ExtendedStatisticsImpl - Mocking Operation Statistic: OFFHEAP_REMOVE
2019-03-26 17:38:13.296 [main] DEBUG net.sf.ehcache.statistics.extended.ExtendedStatisticsImpl - Mocking Operation Statistic: XA_COMMIT
2019-03-26 17:38:13.296 [main] DEBUG net.sf.ehcache.statistics.extended.ExtendedStatisticsImpl - Mocking Operation Statistic: XA_ROLLBACK
2019-03-26 17:38:13.297 [main] DEBUG net.sf.ehcache.statistics.extended.ExtendedStatisticsImpl - Mocking Operation Statistic: XA_RECOVERY
2019-03-26 17:38:13.297 [main] DEBUG net.sf.ehcache.statistics.extended.ExtendedStatisticsImpl - Mocking Operation Statistic: CLUSTER_EVENT
2019-03-26 17:38:13.297 [main] DEBUG net.sf.ehcache.statistics.extended.ExtendedStatisticsImpl - Mocking Operation Statistic: NONSTOP
2019-03-26 17:38:13.300 [main] DEBUG net.sf.ehcache.Cache - Initialised cache: resourceCache
2019-03-26 17:38:13.300 [main] DEBUG net.sf.ehcache.config.ConfigurationHelper - CacheDecoratorFactory not configured. Skipping for 'resourceCache'.
2019-03-26 17:38:13.300 [main] DEBUG net.sf.ehcache.config.ConfigurationHelper - CacheDecoratorFactory not configured for defaultCache. Skipping for 'resourceCache'.
2019-03-26 17:38:13.702 [main] INFO  com.alibaba.druid.pool.DruidDataSource - {dataSource-1} inited
2019-03-26 17:38:14.739 [main] DEBUG org.hibernate.SQL - alter table tb_resource drop foreign key FKf5ra2gn0xedeida2op8097sr5
2019-03-26 17:38:14.829 [main] DEBUG org.hibernate.SQL - alter table tb_role_resource drop foreign key FK868kc8iic48ilv5npa80ut6qo
2019-03-26 17:38:14.908 [main] DEBUG org.hibernate.SQL - alter table tb_role_resource drop foreign key FK7ffc7h6obqxflhj1aq1mk20jk
2019-03-26 17:38:15.025 [main] DEBUG org.hibernate.SQL - alter table tb_user_role drop foreign key FKea2ootw6b6bb0xt3ptl28bymv
2019-03-26 17:38:15.107 [main] DEBUG org.hibernate.SQL - alter table tb_user_role drop foreign key FK7vn3h53d0tqdimm8cp45gc0kl
2019-03-26 17:38:15.430 [main] DEBUG org.hibernate.SQL - drop table if exists tb_resource
2019-03-26 17:38:15.531 [main] DEBUG org.hibernate.SQL - drop table if exists tb_role
2019-03-26 17:38:15.620 [main] DEBUG org.hibernate.SQL - drop table if exists tb_role_resource
2019-03-26 17:38:16.414 [main] DEBUG org.hibernate.SQL - drop table if exists tb_user
2019-03-26 17:38:16.498 [main] DEBUG org.hibernate.SQL - drop table if exists tb_user_role
2019-03-26 17:38:16.579 [main] DEBUG org.hibernate.SQL - drop table if exists user
2019-03-26 17:38:16.649 [main] DEBUG org.hibernate.SQL - create table tb_resource (id integer not null auto_increment, create_time datetime, description varchar(255), icon varchar(255), is_hide integer, level integer, name varchar(255), sort integer, source_key varchar(255), source_url varchar(255), type integer, update_time datetime, parent_id integer, primary key (id))
2019-03-26 17:38:16.738 [main] DEBUG org.hibernate.SQL - create table tb_role (id integer not null auto_increment, create_time datetime, description varchar(255), name varchar(255), role_key varchar(255), status integer, update_time datetime, primary key (id))
2019-03-26 17:38:16.841 [main] DEBUG org.hibernate.SQL - create table tb_role_resource (role_id integer not null, resource_id integer not null, primary key (role_id, resource_id))
2019-03-26 17:38:16.942 [main] DEBUG org.hibernate.SQL - create table tb_user (id integer not null auto_increment, address varchar(255), birthday datetime, create_time datetime, delete_status integer, description varchar(255), email varchar(255), locked integer, nick_name varchar(255), password varchar(255), sex integer, telephone varchar(255), update_time datetime, user_name varchar(255), primary key (id))
2019-03-26 17:38:17.038 [main] DEBUG org.hibernate.SQL - create table tb_user_role (user_id integer not null, role_id integer not null, primary key (user_id, role_id))
2019-03-26 17:38:17.127 [main] DEBUG org.hibernate.SQL - create table user (id varchar(255) not null, first_name varchar(255), last_name varchar(255), trade_id varchar(255), user_id integer, primary key (id))
2019-03-26 17:38:17.160 [main] ERROR org.hibernate.tool.hbm2ddl.SchemaExport - HHH000389: Unsuccessful: create table user (id varchar(255) not null, first_name varchar(255), last_name varchar(255), trade_id varchar(255), user_id integer, primary key (id))
2019-03-26 17:38:17.160 [main] ERROR org.hibernate.tool.hbm2ddl.SchemaExport - Specified key was too long; max key length is 767 bytes
2019-03-26 17:38:17.160 [main] DEBUG org.hibernate.SQL - alter table tb_resource add constraint FKf5ra2gn0xedeida2op8097sr5 foreign key (parent_id) references tb_resource (id)
2019-03-26 17:38:17.276 [main] DEBUG org.hibernate.SQL - alter table tb_role_resource add constraint FK868kc8iic48ilv5npa80ut6qo foreign key (resource_id) references tb_resource (id)
2019-03-26 17:38:17.398 [main] DEBUG org.hibernate.SQL - alter table tb_role_resource add constraint FK7ffc7h6obqxflhj1aq1mk20jk foreign key (role_id) references tb_role (id)
2019-03-26 17:38:17.513 [main] DEBUG org.hibernate.SQL - alter table tb_user_role add constraint FKea2ootw6b6bb0xt3ptl28bymv foreign key (role_id) references tb_role (id)
2019-03-26 17:38:17.621 [main] DEBUG org.hibernate.SQL - alter table tb_user_role add constraint FK7vn3h53d0tqdimm8cp45gc0kl foreign key (user_id) references tb_user (id)
2019-03-26 17:38:18.524 [main] INFO  org.apache.catalina.core.StandardService - Starting service Tomcat
2019-03-26 17:38:18.524 [main] INFO  org.apache.catalina.core.StandardEngine - Starting Servlet Engine: Apache Tomcat/8.5.6
2019-03-26 17:38:18.603 [localhost-startStop-1] INFO  org.apache.catalina.core.ContainerBase.[Tomcat].[localhost].[/] - Initializing Spring embedded WebApplicationContext
2019-03-26 17:38:19.642 [main] DEBUG net.sppan.base.config.listener.ApplicationEventListener - 应用刷新
2019-03-26 17:38:19.647 [main] INFO  org.apache.coyote.http11.Http11NioProtocol - Initializing ProtocolHandler ["http-nio-80"]
2019-03-26 17:38:19.652 [main] INFO  org.apache.coyote.http11.Http11NioProtocol - Starting ProtocolHandler [http-nio-80]
2019-03-26 17:38:19.660 [main] INFO  org.apache.tomcat.util.net.NioSelectorPool - Using a shared selector for servlet write/read
2019-03-26 17:38:19.672 [main] DEBUG net.sppan.base.config.listener.ApplicationEventListener - 应用已启动完成
2019-03-26 17:38:19.673 [main] INFO  net.sppan.base.Application - Started Application in 7.832 seconds (JVM running for 8.591)
2019-03-26 17:38:19.673 [main] DEBUG net.sppan.base.Application - 启动成功
2019-03-26 17:42:38.940 [main] DEBUG net.sppan.base.config.listener.ApplicationEventListener - 初始化环境变量
2019-03-26 17:42:39.007 [main] INFO  net.sppan.base.Application - Starting Application on DESKTOP-HR8FSOR with PID 21700 (D:\GitProject\springboot_authority\target\classes started by yywbyjj in D:\GitProject\springboot_authority)
2019-03-26 17:42:39.008 [main] DEBUG net.sppan.base.Application - Running with Spring Boot v1.4.2.RELEASE, Spring v4.3.4.RELEASE
2019-03-26 17:42:39.008 [main] INFO  net.sppan.base.Application - No active profile set, falling back to default profiles: default
2019-03-26 17:42:39.046 [main] DEBUG net.sppan.base.config.listener.ApplicationEventListener - 初始化环境变量完成
2019-03-26 17:42:39.117 [background-preinit] DEBUG org.jboss.logging - Logging Provider: org.jboss.logging.Slf4jLoggerProvider found via system property
2019-03-26 17:42:40.080 [main] DEBUG net.sf.ehcache.config.ConfigurationFactory - Configuring ehcache from InputStream
2019-03-26 17:42:40.088 [main] DEBUG net.sf.ehcache.config.BeanHandler - Ignoring ehcache attribute xmlns:xsi
2019-03-26 17:42:40.088 [main] DEBUG net.sf.ehcache.config.BeanHandler - Ignoring ehcache attribute xsi:noNamespaceSchemaLocation
2019-03-26 17:42:40.089 [main] DEBUG net.sf.ehcache.config.DiskStoreConfiguration - Disk Store Path: C:\Users\yywbyjj\AppData\Local\Temp\
2019-03-26 17:42:40.097 [main] DEBUG net.sf.ehcache.util.PropertyUtil - propertiesString is null.
2019-03-26 17:42:40.100 [main] DEBUG net.sf.ehcache.config.ConfigurationHelper - No CacheManagerEventListenerFactory class specified. Skipping...
2019-03-26 17:42:40.122 [main] DEBUG net.sf.ehcache.Cache - No BootstrapCacheLoaderFactory class specified. Skipping...
2019-03-26 17:42:40.122 [main] DEBUG net.sf.ehcache.Cache - CacheWriter factory not configured. Skipping...
2019-03-26 17:42:40.122 [main] DEBUG net.sf.ehcache.config.ConfigurationHelper - No CacheExceptionHandlerFactory class specified. Skipping...
2019-03-26 17:42:40.126 [main] DEBUG net.sf.ehcache.Cache - No BootstrapCacheLoaderFactory class specified. Skipping...
2019-03-26 17:42:40.126 [main] DEBUG net.sf.ehcache.Cache - CacheWriter factory not configured. Skipping...
2019-03-26 17:42:40.126 [main] DEBUG net.sf.ehcache.config.ConfigurationHelper - No CacheExceptionHandlerFactory class specified. Skipping...
2019-03-26 17:42:40.126 [main] WARN  net.sf.ehcache.config.CacheConfiguration - Configuration problem for cache resourceCache: MaxEntriesLocalHeap equal or greater than MaxEntriesLocalDisk. This will result in useless disk storage.
2019-03-26 17:42:40.131 [main] DEBUG net.sf.ehcache.DiskStorePathManager - Using diskstore path C:\Users\yywbyjj\AppData\Local\Temp
2019-03-26 17:42:40.132 [main] DEBUG net.sf.ehcache.DiskStorePathManager - Holding exclusive lock on C:\Users\yywbyjj\AppData\Local\Temp\.ehcache-diskstore.lock
2019-03-26 17:42:40.132 [main] DEBUG net.sf.ehcache.store.disk.DiskStorageFactory - Failed to delete file resource%0043ache.index
2019-03-26 17:42:40.135 [main] DEBUG net.sf.ehcache.store.disk.DiskStorageFactory - Matching data file missing (or empty) for index file. Deleting index file C:\Users\yywbyjj\AppData\Local\Temp\resource%0043ache.index
2019-03-26 17:42:40.135 [main] DEBUG net.sf.ehcache.store.disk.DiskStorageFactory - Failed to delete file resource%0043ache.index
2019-03-26 17:42:40.160 [main] DEBUG net.sf.ehcache.statistics.extended.ExtendedStatisticsImpl - Mocking Pass-Through Statistic: LOCAL_OFFHEAP_SIZE
2019-03-26 17:42:40.160 [main] DEBUG net.sf.ehcache.statistics.extended.ExtendedStatisticsImpl - Mocking Pass-Through Statistic: LOCAL_OFFHEAP_SIZE_BYTES
2019-03-26 17:42:40.161 [main] DEBUG net.sf.ehcache.statistics.extended.ExtendedStatisticsImpl - Mocking Pass-Through Statistic: WRITER_QUEUE_LENGTH
2019-03-26 17:42:40.161 [main] DEBUG net.sf.ehcache.statistics.extended.ExtendedStatisticsImpl - Mocking Pass-Through Statistic: REMOTE_SIZE
2019-03-26 17:42:40.161 [main] DEBUG net.sf.ehcache.statistics.extended.ExtendedStatisticsImpl - Mocking Pass-Through Statistic: LAST_REJOIN_TIMESTAMP
2019-03-26 17:42:40.167 [main] DEBUG net.sf.ehcache.statistics.extended.ExtendedStatisticsImpl - Mocking Operation Statistic: OFFHEAP_GET
2019-03-26 17:42:40.168 [main] DEBUG net.sf.ehcache.statistics.extended.ExtendedStatisticsImpl - Mocking Operation Statistic: OFFHEAP_PUT
2019-03-26 17:42:40.168 [main] DEBUG net.sf.ehcache.statistics.extended.ExtendedStatisticsImpl - Mocking Operation Statistic: OFFHEAP_REMOVE
2019-03-26 17:42:40.168 [main] DEBUG net.sf.ehcache.statistics.extended.ExtendedStatisticsImpl - Mocking Operation Statistic: XA_COMMIT
2019-03-26 17:42:40.168 [main] DEBUG net.sf.ehcache.statistics.extended.ExtendedStatisticsImpl - Mocking Operation Statistic: XA_ROLLBACK
2019-03-26 17:42:40.169 [main] DEBUG net.sf.ehcache.statistics.extended.ExtendedStatisticsImpl - Mocking Operation Statistic: XA_RECOVERY
2019-03-26 17:42:40.169 [main] DEBUG net.sf.ehcache.statistics.extended.ExtendedStatisticsImpl - Mocking Operation Statistic: CLUSTER_EVENT
2019-03-26 17:42:40.169 [main] DEBUG net.sf.ehcache.statistics.extended.ExtendedStatisticsImpl - Mocking Operation Statistic: NONSTOP
2019-03-26 17:42:40.172 [main] DEBUG net.sf.ehcache.Cache - Initialised cache: resourceCache
2019-03-26 17:42:40.172 [main] DEBUG net.sf.ehcache.config.ConfigurationHelper - CacheDecoratorFactory not configured. Skipping for 'resourceCache'.
2019-03-26 17:42:40.172 [main] DEBUG net.sf.ehcache.config.ConfigurationHelper - CacheDecoratorFactory not configured for defaultCache. Skipping for 'resourceCache'.
2019-03-26 17:42:40.570 [main] INFO  com.alibaba.druid.pool.DruidDataSource - {dataSource-1} inited
2019-03-26 17:42:41.759 [main] INFO  org.apache.catalina.core.StandardService - Starting service Tomcat
2019-03-26 17:42:41.759 [main] INFO  org.apache.catalina.core.StandardEngine - Starting Servlet Engine: Apache Tomcat/8.5.6
2019-03-26 17:42:41.826 [localhost-startStop-1] INFO  org.apache.catalina.core.ContainerBase.[Tomcat].[localhost].[/] - Initializing Spring embedded WebApplicationContext
2019-03-26 17:42:42.865 [main] DEBUG net.sppan.base.config.listener.ApplicationEventListener - 应用刷新
2019-03-26 17:42:42.870 [main] INFO  org.apache.coyote.http11.Http11NioProtocol - Initializing ProtocolHandler ["http-nio-80"]
2019-03-26 17:42:42.875 [main] INFO  org.apache.coyote.http11.Http11NioProtocol - Starting ProtocolHandler [http-nio-80]
2019-03-26 17:42:42.883 [main] INFO  org.apache.tomcat.util.net.NioSelectorPool - Using a shared selector for servlet write/read
2019-03-26 17:42:42.895 [main] DEBUG net.sppan.base.config.listener.ApplicationEventListener - 应用已启动完成
2019-03-26 17:42:42.896 [main] INFO  net.sppan.base.Application - Started Application in 4.128 seconds (JVM running for 4.873)
2019-03-26 17:42:42.896 [main] DEBUG net.sppan.base.Application - 启动成功
2019-03-26 17:42:57.015 [http-nio-80-exec-1] INFO  org.apache.catalina.core.ContainerBase.[Tomcat].[localhost].[/] - Initializing Spring FrameworkServlet 'dispatcherServlet'
2019-03-26 17:42:58.732 [http-nio-80-exec-3] DEBUG org.hibernate.SQL - select user0_.id as id1_3_, user0_.address as address2_3_, user0_.birthday as birthday3_3_, user0_.create_time as create_t4_3_, user0_.delete_status as delete_s5_3_, user0_.description as descript6_3_, user0_.email as email7_3_, user0_.locked as locked8_3_, user0_.nick_name as nick_nam9_3_, user0_.password as passwor10_3_, user0_.sex as sex11_3_, user0_.telephone as telepho12_3_, user0_.update_time as update_13_3_, user0_.user_name as user_na14_3_ from tb_user user0_ where user0_.user_name=?
2019-03-26 17:42:58.933 [http-nio-80-exec-4] DEBUG org.hibernate.SQL - select user0_.id as id1_3_, user0_.address as address2_3_, user0_.birthday as birthday3_3_, user0_.create_time as create_t4_3_, user0_.delete_status as delete_s5_3_, user0_.description as descript6_3_, user0_.email as email7_3_, user0_.locked as locked8_3_, user0_.nick_name as nick_nam9_3_, user0_.password as passwor10_3_, user0_.sex as sex11_3_, user0_.telephone as telepho12_3_, user0_.update_time as update_13_3_, user0_.user_name as user_na14_3_ from tb_user user0_ where user0_.user_name=?
2019-03-26 17:42:59.029 [http-nio-80-exec-4] DEBUG org.hibernate.SQL - select roles0_.user_id as user_id1_4_0_, roles0_.role_id as role_id2_4_0_, role1_.id as id1_1_1_, role1_.create_time as create_t2_1_1_, role1_.description as descript3_1_1_, role1_.name as name4_1_1_, role1_.role_key as role_key5_1_1_, role1_.status as status6_1_1_, role1_.update_time as update_t7_1_1_ from tb_user_role roles0_ inner join tb_role role1_ on roles0_.role_id=role1_.id where roles0_.user_id=?
2019-03-26 17:42:59.069 [http-nio-80-exec-4] DEBUG org.hibernate.SQL - select resources0_.role_id as role_id1_2_0_, resources0_.resource_id as resource2_2_0_, resource1_.id as id1_0_1_, resource1_.create_time as create_t2_0_1_, resource1_.description as descript3_0_1_, resource1_.icon as icon4_0_1_, resource1_.is_hide as is_hide5_0_1_, resource1_.level as level6_0_1_, resource1_.name as name7_0_1_, resource1_.parent_id as parent_13_0_1_, resource1_.sort as sort8_0_1_, resource1_.source_key as source_k9_0_1_, resource1_.source_url as source_10_0_1_, resource1_.type as type11_0_1_, resource1_.update_time as update_12_0_1_ from tb_role_resource resources0_ inner join tb_resource resource1_ on resources0_.resource_id=resource1_.id where resources0_.role_id=?
2019-03-26 17:42:59.134 [http-nio-80-exec-4] DEBUG org.hibernate.SQL - select user0_.id as id1_3_, user0_.address as address2_3_, user0_.birthday as birthday3_3_, user0_.create_time as create_t4_3_, user0_.delete_status as delete_s5_3_, user0_.description as descript6_3_, user0_.email as email7_3_, user0_.locked as locked8_3_, user0_.nick_name as nick_nam9_3_, user0_.password as passwor10_3_, user0_.sex as sex11_3_, user0_.telephone as telepho12_3_, user0_.update_time as update_13_3_, user0_.user_name as user_na14_3_ from tb_user user0_ where user0_.user_name=?
2019-03-26 17:42:59.261 [http-nio-80-exec-4] DEBUG org.hibernate.SQL - select user0_.id as id1_3_, user0_.address as address2_3_, user0_.birthday as birthday3_3_, user0_.create_time as create_t4_3_, user0_.delete_status as delete_s5_3_, user0_.description as descript6_3_, user0_.email as email7_3_, user0_.locked as locked8_3_, user0_.nick_name as nick_nam9_3_, user0_.password as passwor10_3_, user0_.sex as sex11_3_, user0_.telephone as telepho12_3_, user0_.update_time as update_13_3_, user0_.user_name as user_na14_3_ from tb_user user0_ where user0_.user_name=?
2019-03-26 17:43:01.607 [http-nio-80-exec-6] DEBUG org.hibernate.SQL - select user0_.id as id1_3_, user0_.address as address2_3_, user0_.birthday as birthday3_3_, user0_.create_time as create_t4_3_, user0_.delete_status as delete_s5_3_, user0_.description as descript6_3_, user0_.email as email7_3_, user0_.locked as locked8_3_, user0_.nick_name as nick_nam9_3_, user0_.password as passwor10_3_, user0_.sex as sex11_3_, user0_.telephone as telepho12_3_, user0_.update_time as update_13_3_, user0_.user_name as user_na14_3_ from tb_user user0_ where user0_.user_name=?
2019-03-26 17:43:01.699 [http-nio-80-exec-6] DEBUG org.hibernate.SQL - select roles0_.user_id as user_id1_4_0_, roles0_.role_id as role_id2_4_0_, role1_.id as id1_1_1_, role1_.create_time as create_t2_1_1_, role1_.description as descript3_1_1_, role1_.name as name4_1_1_, role1_.role_key as role_key5_1_1_, role1_.status as status6_1_1_, role1_.update_time as update_t7_1_1_ from tb_user_role roles0_ inner join tb_role role1_ on roles0_.role_id=role1_.id where roles0_.user_id=?
2019-03-26 17:43:01.735 [http-nio-80-exec-6] DEBUG org.hibernate.SQL - select resources0_.role_id as role_id1_2_0_, resources0_.resource_id as resource2_2_0_, resource1_.id as id1_0_1_, resource1_.create_time as create_t2_0_1_, resource1_.description as descript3_0_1_, resource1_.icon as icon4_0_1_, resource1_.is_hide as is_hide5_0_1_, resource1_.level as level6_0_1_, resource1_.name as name7_0_1_, resource1_.parent_id as parent_13_0_1_, resource1_.sort as sort8_0_1_, resource1_.source_key as source_k9_0_1_, resource1_.source_url as source_10_0_1_, resource1_.type as type11_0_1_, resource1_.update_time as update_12_0_1_ from tb_role_resource resources0_ inner join tb_resource resource1_ on resources0_.resource_id=resource1_.id where resources0_.role_id=?
2019-03-26 17:43:01.806 [http-nio-80-exec-6] DEBUG org.hibernate.SQL - select user0_.id as id1_3_, user0_.address as address2_3_, user0_.birthday as birthday3_3_, user0_.create_time as create_t4_3_, user0_.delete_status as delete_s5_3_, user0_.description as descript6_3_, user0_.email as email7_3_, user0_.locked as locked8_3_, user0_.nick_name as nick_nam9_3_, user0_.password as passwor10_3_, user0_.sex as sex11_3_, user0_.telephone as telepho12_3_, user0_.update_time as update_13_3_, user0_.user_name as user_na14_3_ from tb_user user0_ where user0_.user_name=?
2019-03-26 17:43:01.930 [http-nio-80-exec-6] DEBUG org.hibernate.SQL - select user0_.id as id1_3_, user0_.address as address2_3_, user0_.birthday as birthday3_3_, user0_.create_time as create_t4_3_, user0_.delete_status as delete_s5_3_, user0_.description as descript6_3_, user0_.email as email7_3_, user0_.locked as locked8_3_, user0_.nick_name as nick_nam9_3_, user0_.password as passwor10_3_, user0_.sex as sex11_3_, user0_.telephone as telepho12_3_, user0_.update_time as update_13_3_, user0_.user_name as user_na14_3_ from tb_user user0_ where user0_.user_name=?
2019-03-26 17:43:02.061 [http-nio-80-exec-6] DEBUG org.hibernate.SQL - select user0_.id as id1_3_, user0_.address as address2_3_, user0_.birthday as birthday3_3_, user0_.create_time as create_t4_3_, user0_.delete_status as delete_s5_3_, user0_.description as descript6_3_, user0_.email as email7_3_, user0_.locked as locked8_3_, user0_.nick_name as nick_nam9_3_, user0_.password as passwor10_3_, user0_.sex as sex11_3_, user0_.telephone as telepho12_3_, user0_.update_time as update_13_3_, user0_.user_name as user_na14_3_ from tb_user user0_ where user0_.user_name=?
2019-03-26 17:43:02.267 [http-nio-80-exec-7] DEBUG org.hibernate.SQL - select count(user0_.id) as col_0_0_ from tb_user user0_
2019-03-26 17:43:02.301 [http-nio-80-exec-7] DEBUG org.hibernate.SQL - select user0_.id as id1_3_, user0_.address as address2_3_, user0_.birthday as birthday3_3_, user0_.create_time as create_t4_3_, user0_.delete_status as delete_s5_3_, user0_.description as descript6_3_, user0_.email as email7_3_, user0_.locked as locked8_3_, user0_.nick_name as nick_nam9_3_, user0_.password as passwor10_3_, user0_.sex as sex11_3_, user0_.telephone as telepho12_3_, user0_.update_time as update_13_3_, user0_.user_name as user_na14_3_ from tb_user user0_ limit ?
2019-03-26 17:43:02.438 [http-nio-80-exec-7] DEBUG org.hibernate.SQL - select roles0_.user_id as user_id1_4_0_, roles0_.role_id as role_id2_4_0_, role1_.id as id1_1_1_, role1_.create_time as create_t2_1_1_, role1_.description as descript3_1_1_, role1_.name as name4_1_1_, role1_.role_key as role_key5_1_1_, role1_.status as status6_1_1_, role1_.update_time as update_t7_1_1_ from tb_user_role roles0_ inner join tb_role role1_ on roles0_.role_id=role1_.id where roles0_.user_id=?
2019-03-26 17:43:02.473 [http-nio-80-exec-7] DEBUG org.hibernate.SQL - select resources0_.role_id as role_id1_2_0_, resources0_.resource_id as resource2_2_0_, resource1_.id as id1_0_1_, resource1_.create_time as create_t2_0_1_, resource1_.description as descript3_0_1_, resource1_.icon as icon4_0_1_, resource1_.is_hide as is_hide5_0_1_, resource1_.level as level6_0_1_, resource1_.name as name7_0_1_, resource1_.parent_id as parent_13_0_1_, resource1_.sort as sort8_0_1_, resource1_.source_key as source_k9_0_1_, resource1_.source_url as source_10_0_1_, resource1_.type as type11_0_1_, resource1_.update_time as update_12_0_1_ from tb_role_resource resources0_ inner join tb_resource resource1_ on resources0_.resource_id=resource1_.id where resources0_.role_id=?
2019-03-26 17:43:44.635 [http-nio-80-exec-10] DEBUG org.hibernate.SQL - insert into tb_user (address, birthday, create_time, delete_status, description, email, locked, nick_name, password, sex, telephone, update_time, user_name) values (?, ?, ?, ?, ?, ?, ?, ?, ?, ?, ?, ?, ?)
2019-03-26 17:43:44.784 [http-nio-80-exec-10] DEBUG org.hibernate.SQL - select blockchain0_.id as id1_5_0_, blockchain0_.first_name as first_na2_5_0_, blockchain0_.last_name as last_nam3_5_0_, blockchain0_.trade_id as trade_id4_5_0_, blockchain0_.user_id as user_id5_5_0_ from user blockchain0_ where blockchain0_.id=?
2019-03-26 17:43:44.822 [http-nio-80-exec-10] DEBUG org.hibernate.SQL - insert into user (first_name, last_name, trade_id, user_id, id) values (?, ?, ?, ?, ?)
2019-03-26 17:43:45.554 [http-nio-80-exec-10] DEBUG org.apache.http.client.protocol.RequestAddCookies - CookieSpec selected: default
2019-03-26 17:43:45.565 [http-nio-80-exec-10] DEBUG org.apache.http.client.protocol.RequestAuthCache - Auth cache not set in the context
2019-03-26 17:43:45.567 [http-nio-80-exec-10] DEBUG org.apache.http.impl.conn.PoolingHttpClientConnectionManager - Connection request: [route: {}->http://193.112.47.47:3000][total kept alive: 0; route allocated: 0 of 2; total allocated: 0 of 20]
2019-03-26 17:43:45.576 [http-nio-80-exec-10] DEBUG org.apache.http.impl.conn.PoolingHttpClientConnectionManager - Connection leased: [id: 0][route: {}->http://193.112.47.47:3000][total kept alive: 0; route allocated: 1 of 2; total allocated: 1 of 20]
2019-03-26 17:43:45.576 [http-nio-80-exec-10] DEBUG org.apache.http.impl.execchain.MainClientExec - Opening connection {}->http://193.112.47.47:3000
2019-03-26 17:43:45.577 [http-nio-80-exec-10] DEBUG org.apache.http.impl.conn.DefaultHttpClientConnectionOperator - Connecting to /193.112.47.47:3000
2019-03-26 17:43:45.613 [http-nio-80-exec-10] DEBUG org.apache.http.impl.conn.DefaultHttpClientConnectionOperator - Connection established 192.168.0.6:61022<->193.112.47.47:3000
2019-03-26 17:43:45.613 [http-nio-80-exec-10] DEBUG org.apache.http.impl.conn.DefaultManagedHttpClientConnection - http-outgoing-0: set socket timeout to 6000
2019-03-26 17:43:45.614 [http-nio-80-exec-10] DEBUG org.apache.http.impl.execchain.MainClientExec - Executing request POST /api/Trader HTTP/1.1
2019-03-26 17:43:45.614 [http-nio-80-exec-10] DEBUG org.apache.http.impl.execchain.MainClientExec - Target auth state: UNCHALLENGED
2019-03-26 17:43:45.614 [http-nio-80-exec-10] DEBUG org.apache.http.impl.execchain.MainClientExec - Proxy auth state: UNCHALLENGED
2019-03-26 17:43:45.615 [http-nio-80-exec-10] DEBUG org.apache.http.headers - http-outgoing-0 >> POST /api/Trader HTTP/1.1
2019-03-26 17:43:45.615 [http-nio-80-exec-10] DEBUG org.apache.http.headers - http-outgoing-0 >> Content-Length: 110
2019-03-26 17:43:45.615 [http-nio-80-exec-10] DEBUG org.apache.http.headers - http-outgoing-0 >> Content-Type: application/x-www-form-urlencoded; charset=UTF-8
2019-03-26 17:43:45.615 [http-nio-80-exec-10] DEBUG org.apache.http.headers - http-outgoing-0 >> Host: 193.112.47.47:3000
2019-03-26 17:43:45.615 [http-nio-80-exec-10] DEBUG org.apache.http.headers - http-outgoing-0 >> Connection: Keep-Alive
2019-03-26 17:43:45.615 [http-nio-80-exec-10] DEBUG org.apache.http.headers - http-outgoing-0 >> User-Agent: Apache-HttpClient/4.5.5 (Java/1.8.0_202)
2019-03-26 17:43:45.615 [http-nio-80-exec-10] DEBUG org.apache.http.headers - http-outgoing-0 >> Accept-Encoding: gzip,deflate
2019-03-26 17:43:45.615 [http-nio-80-exec-10] DEBUG org.apache.http.wire - http-outgoing-0 >> "POST /api/Trader HTTP/1.1[\r][\n]"
2019-03-26 17:43:45.616 [http-nio-80-exec-10] DEBUG org.apache.http.wire - http-outgoing-0 >> "Content-Length: 110[\r][\n]"
2019-03-26 17:43:45.616 [http-nio-80-exec-10] DEBUG org.apache.http.wire - http-outgoing-0 >> "Content-Type: application/x-www-form-urlencoded; charset=UTF-8[\r][\n]"
2019-03-26 17:43:45.616 [http-nio-80-exec-10] DEBUG org.apache.http.wire - http-outgoing-0 >> "Host: 193.112.47.47:3000[\r][\n]"
2019-03-26 17:43:45.616 [http-nio-80-exec-10] DEBUG org.apache.http.wire - http-outgoing-0 >> "Connection: Keep-Alive[\r][\n]"
2019-03-26 17:43:45.616 [http-nio-80-exec-10] DEBUG org.apache.http.wire - http-outgoing-0 >> "User-Agent: Apache-HttpClient/4.5.5 (Java/1.8.0_202)[\r][\n]"
2019-03-26 17:43:45.616 [http-nio-80-exec-10] DEBUG org.apache.http.wire - http-outgoing-0 >> "Accept-Encoding: gzip,deflate[\r][\n]"
2019-03-26 17:43:45.616 [http-nio-80-exec-10] DEBUG org.apache.http.wire - http-outgoing-0 >> "[\r][\n]"
2019-03-26 17:43:45.616 [http-nio-80-exec-10] DEBUG org.apache.http.wire - http-outgoing-0 >> "%24class=org.example.mynetwork.Trader&firstName=wang&lastName=kaiqian&tradeId=51294736848139119377366299029240"
2019-03-26 17:43:49.958 [http-nio-80-exec-10] DEBUG org.apache.http.wire - http-outgoing-0 << "HTTP/1.1 200 OK[\r][\n]"
2019-03-26 17:43:49.958 [http-nio-80-exec-10] DEBUG org.apache.http.wire - http-outgoing-0 << "Vary: Origin, Accept-Encoding[\r][\n]"
2019-03-26 17:43:49.958 [http-nio-80-exec-10] DEBUG org.apache.http.wire - http-outgoing-0 << "Access-Control-Allow-Credentials: true[\r][\n]"
2019-03-26 17:43:49.958 [http-nio-80-exec-10] DEBUG org.apache.http.wire - http-outgoing-0 << "X-XSS-Protection: 1; mode=block[\r][\n]"
2019-03-26 17:43:49.958 [http-nio-80-exec-10] DEBUG org.apache.http.wire - http-outgoing-0 << "X-Frame-Options: DENY[\r][\n]"
2019-03-26 17:43:49.958 [http-nio-80-exec-10] DEBUG org.apache.http.wire - http-outgoing-0 << "X-Download-Options: noopen[\r][\n]"
2019-03-26 17:43:49.958 [http-nio-80-exec-10] DEBUG org.apache.http.wire - http-outgoing-0 << "X-Content-Type-Options: nosniff[\r][\n]"
2019-03-26 17:43:49.958 [http-nio-80-exec-10] DEBUG org.apache.http.wire - http-outgoing-0 << "Content-Type: application/json; charset=utf-8[\r][\n]"
2019-03-26 17:43:49.958 [http-nio-80-exec-10] DEBUG org.apache.http.wire - http-outgoing-0 << "Content-Length: 126[\r][\n]"
2019-03-26 17:43:49.958 [http-nio-80-exec-10] DEBUG org.apache.http.wire - http-outgoing-0 << "ETag: W/"7e-PtCIUb+I27EFfjr4mDkycHRdgkc"[\r][\n]"
2019-03-26 17:43:49.958 [http-nio-80-exec-10] DEBUG org.apache.http.wire - http-outgoing-0 << "Date: Tue, 26 Mar 2019 09:43:50 GMT[\r][\n]"
2019-03-26 17:43:49.958 [http-nio-80-exec-10] DEBUG org.apache.http.wire - http-outgoing-0 << "Connection: keep-alive[\r][\n]"
2019-03-26 17:43:49.958 [http-nio-80-exec-10] DEBUG org.apache.http.wire - http-outgoing-0 << "[\r][\n]"
2019-03-26 17:43:49.958 [http-nio-80-exec-10] DEBUG org.apache.http.wire - http-outgoing-0 << "{"$class":"org.example.mynetwork.Trader","tradeId":"51294736848139119377366299029240","firstName":"wang","lastName":"kaiqian"}"
2019-03-26 17:43:49.960 [http-nio-80-exec-10] DEBUG org.apache.http.headers - http-outgoing-0 << HTTP/1.1 200 OK
2019-03-26 17:43:49.960 [http-nio-80-exec-10] DEBUG org.apache.http.headers - http-outgoing-0 << Vary: Origin, Accept-Encoding
2019-03-26 17:43:49.960 [http-nio-80-exec-10] DEBUG org.apache.http.headers - http-outgoing-0 << Access-Control-Allow-Credentials: true
2019-03-26 17:43:49.960 [http-nio-80-exec-10] DEBUG org.apache.http.headers - http-outgoing-0 << X-XSS-Protection: 1; mode=block
2019-03-26 17:43:49.960 [http-nio-80-exec-10] DEBUG org.apache.http.headers - http-outgoing-0 << X-Frame-Options: DENY
2019-03-26 17:43:49.960 [http-nio-80-exec-10] DEBUG org.apache.http.headers - http-outgoing-0 << X-Download-Options: noopen
2019-03-26 17:43:49.960 [http-nio-80-exec-10] DEBUG org.apache.http.headers - http-outgoing-0 << X-Content-Type-Options: nosniff
2019-03-26 17:43:49.960 [http-nio-80-exec-10] DEBUG org.apache.http.headers - http-outgoing-0 << Content-Type: application/json; charset=utf-8
2019-03-26 17:43:49.960 [http-nio-80-exec-10] DEBUG org.apache.http.headers - http-outgoing-0 << Content-Length: 126
2019-03-26 17:43:49.960 [http-nio-80-exec-10] DEBUG org.apache.http.headers - http-outgoing-0 << ETag: W/"7e-PtCIUb+I27EFfjr4mDkycHRdgkc"
2019-03-26 17:43:49.960 [http-nio-80-exec-10] DEBUG org.apache.http.headers - http-outgoing-0 << Date: Tue, 26 Mar 2019 09:43:50 GMT
2019-03-26 17:43:49.960 [http-nio-80-exec-10] DEBUG org.apache.http.headers - http-outgoing-0 << Connection: keep-alive
2019-03-26 17:43:49.964 [http-nio-80-exec-10] DEBUG org.apache.http.impl.execchain.MainClientExec - Connection can be kept alive indefinitely
2019-03-26 17:43:49.967 [http-nio-80-exec-10] DEBUG org.apache.http.impl.conn.PoolingHttpClientConnectionManager - Connection [id: 0][route: {}->http://193.112.47.47:3000] can be kept alive indefinitely
2019-03-26 17:43:49.967 [http-nio-80-exec-10] DEBUG org.apache.http.impl.conn.DefaultManagedHttpClientConnection - http-outgoing-0: set socket timeout to 0
2019-03-26 17:43:49.967 [http-nio-80-exec-10] DEBUG org.apache.http.impl.conn.PoolingHttpClientConnectionManager - Connection released: [id: 0][route: {}->http://193.112.47.47:3000][total kept alive: 1; route allocated: 1 of 2; total allocated: 1 of 20]
2019-03-26 17:43:49.968 [http-nio-80-exec-10] DEBUG org.apache.http.impl.conn.PoolingHttpClientConnectionManager - Connection manager is shutting down
2019-03-26 17:43:49.968 [http-nio-80-exec-10] DEBUG org.apache.http.impl.conn.DefaultManagedHttpClientConnection - http-outgoing-0: Close connection
2019-03-26 17:43:49.968 [http-nio-80-exec-10] DEBUG org.apache.http.impl.conn.PoolingHttpClientConnectionManager - Connection manager shut down
2019-03-26 17:43:52.016 [http-nio-80-exec-1] DEBUG org.hibernate.SQL - select count(user0_.id) as col_0_0_ from tb_user user0_
2019-03-26 17:43:52.049 [http-nio-80-exec-1] DEBUG org.hibernate.SQL - select user0_.id as id1_3_, user0_.address as address2_3_, user0_.birthday as birthday3_3_, user0_.create_time as create_t4_3_, user0_.delete_status as delete_s5_3_, user0_.description as descript6_3_, user0_.email as email7_3_, user0_.locked as locked8_3_, user0_.nick_name as nick_nam9_3_, user0_.password as passwor10_3_, user0_.sex as sex11_3_, user0_.telephone as telepho12_3_, user0_.update_time as update_13_3_, user0_.user_name as user_na14_3_ from tb_user user0_ limit ?
2019-03-26 17:43:52.155 [http-nio-80-exec-1] DEBUG org.hibernate.SQL - select roles0_.user_id as user_id1_4_0_, roles0_.role_id as role_id2_4_0_, role1_.id as id1_1_1_, role1_.create_time as create_t2_1_1_, role1_.description as descript3_1_1_, role1_.name as name4_1_1_, role1_.role_key as role_key5_1_1_, role1_.status as status6_1_1_, role1_.update_time as update_t7_1_1_ from tb_user_role roles0_ inner join tb_role role1_ on roles0_.role_id=role1_.id where roles0_.user_id=?
2019-03-26 17:43:52.193 [http-nio-80-exec-1] DEBUG org.hibernate.SQL - select resources0_.role_id as role_id1_2_0_, resources0_.resource_id as resource2_2_0_, resource1_.id as id1_0_1_, resource1_.create_time as create_t2_0_1_, resource1_.description as descript3_0_1_, resource1_.icon as icon4_0_1_, resource1_.is_hide as is_hide5_0_1_, resource1_.level as level6_0_1_, resource1_.name as name7_0_1_, resource1_.parent_id as parent_13_0_1_, resource1_.sort as sort8_0_1_, resource1_.source_key as source_k9_0_1_, resource1_.source_url as source_10_0_1_, resource1_.type as type11_0_1_, resource1_.update_time as update_12_0_1_ from tb_role_resource resources0_ inner join tb_resource resource1_ on resources0_.resource_id=resource1_.id where resources0_.role_id=?
2019-03-26 17:43:52.234 [http-nio-80-exec-1] DEBUG org.hibernate.SQL - select roles0_.user_id as user_id1_4_0_, roles0_.role_id as role_id2_4_0_, role1_.id as id1_1_1_, role1_.create_time as create_t2_1_1_, role1_.description as descript3_1_1_, role1_.name as name4_1_1_, role1_.role_key as role_key5_1_1_, role1_.status as status6_1_1_, role1_.update_time as update_t7_1_1_ from tb_user_role roles0_ inner join tb_role role1_ on roles0_.role_id=role1_.id where roles0_.user_id=?
